{
"/Users/oseymen/projects/pers/git-last-commit/source/index.js":{"path":"/Users/oseymen/projects/pers/git-last-commit/source/index.js","s":{"1":1,"2":1,"3":6,"4":6,"5":1,"6":1,"7":6,"8":6,"9":6,"10":6,"11":4,"12":6},"b":{"1":[4,2]},"f":{"1":6,"2":6,"3":6,"4":6},"fnMap":{"1":{"name":"_command","line":3,"loc":{"start":{"line":3,"column":0},"end":{"line":3,"column":37}}},"2":{"name":"(anonymous_2)","line":4,"loc":{"start":{"line":4,"column":41},"end":{"line":4,"column":71}}},"3":{"name":"(anonymous_3)","line":12,"loc":{"start":{"line":12,"column":17},"end":{"line":12,"column":36}}},"4":{"name":"(anonymous_4)","line":13,"loc":{"start":{"line":13,"column":20},"end":{"line":13,"column":34}}}},"statementMap":{"1":{"start":{"line":1,"column":0},"end":{"line":1,"column":39}},"2":{"start":{"line":3,"column":0},"end":{"line":7,"column":1}},"3":{"start":{"line":4,"column":1},"end":{"line":6,"column":4}},"4":{"start":{"line":5,"column":2},"end":{"line":5,"column":41}},"5":{"start":{"line":9,"column":0},"end":{"line":9,"column":150}},"6":{"start":{"line":11,"column":0},"end":{"line":43,"column":2}},"7":{"start":{"line":13,"column":2},"end":{"line":41,"column":5}},"8":{"start":{"line":14,"column":3},"end":{"line":14,"column":26}},"9":{"start":{"line":16,"column":3},"end":{"line":16,"column":17}},"10":{"start":{"line":17,"column":3},"end":{"line":19,"column":4}},"11":{"start":{"line":18,"column":4},"end":{"line":18,"column":34}},"12":{"start":{"line":21,"column":3},"end":{"line":40,"column":6}}},"branchMap":{"1":{"line":17,"type":"if","locations":[{"start":{"line":17,"column":3},"end":{"line":17,"column":3}},{"start":{"line":17,"column":3},"end":{"line":17,"column":3}}]}},"l":{"1":1,"3":1,"4":6,"5":6,"9":1,"11":1,"13":6,"14":6,"16":6,"17":6,"18":4,"21":6}}}
