{
"/Users/oseymen/projects/pers/git-last-commit/source/index.js":{"path":"/Users/oseymen/projects/pers/git-last-commit/source/index.js","s":{"1":1,"2":1,"3":1,"4":1,"5":1,"6":1,"7":1,"8":1,"9":1,"10":1,"11":1},"b":{},"f":{"1":1,"2":1,"3":1,"4":1},"fnMap":{"1":{"name":"_command","line":3,"loc":{"start":{"line":3,"column":0},"end":{"line":3,"column":37}}},"2":{"name":"(anonymous_2)","line":4,"loc":{"start":{"line":4,"column":33},"end":{"line":4,"column":63}}},"3":{"name":"(anonymous_3)","line":12,"loc":{"start":{"line":12,"column":17},"end":{"line":12,"column":36}}},"4":{"name":"(anonymous_4)","line":13,"loc":{"start":{"line":13,"column":20},"end":{"line":13,"column":34}}}},"statementMap":{"1":{"start":{"line":1,"column":0},"end":{"line":1,"column":41}},"2":{"start":{"line":3,"column":0},"end":{"line":7,"column":1}},"3":{"start":{"line":4,"column":1},"end":{"line":6,"column":4}},"4":{"start":{"line":5,"column":2},"end":{"line":5,"column":41}},"5":{"start":{"line":9,"column":0},"end":{"line":9,"column":149}},"6":{"start":{"line":11,"column":0},"end":{"line":40,"column":2}},"7":{"start":{"line":13,"column":2},"end":{"line":38,"column":5}},"8":{"start":{"line":14,"column":3},"end":{"line":14,"column":20}},"9":{"start":{"line":15,"column":3},"end":{"line":15,"column":26}},"10":{"start":{"line":16,"column":3},"end":{"line":16,"column":37}},"11":{"start":{"line":18,"column":3},"end":{"line":37,"column":6}}},"branchMap":{},"l":{"1":1,"3":1,"4":1,"5":1,"9":1,"11":1,"13":1,"14":1,"15":1,"16":1,"18":1}}}
